mode: set
web-page-analyzer/service/analyze_service.go:23.103,30.12 4 0
web-page-analyzer/service/analyze_service.go:30.12,33.17 3 0
web-page-analyzer/service/analyze_service.go:33.17,38.4 4 0
web-page-analyzer/service/analyze_service.go:40.3,42.17 3 0
web-page-analyzer/service/analyze_service.go:45.2,45.12 1 0
web-page-analyzer/service/analyze_service.go:49.62,53.16 3 0
web-page-analyzer/service/analyze_service.go:53.16,56.3 2 0
web-page-analyzer/service/analyze_service.go:57.2,60.16 3 0
web-page-analyzer/service/analyze_service.go:60.16,63.3 2 0
web-page-analyzer/service/analyze_service.go:65.2,67.16 3 0
web-page-analyzer/service/analyze_service.go:67.16,70.3 2 0
web-page-analyzer/service/analyze_service.go:72.2,73.16 2 0
web-page-analyzer/service/analyze_service.go:73.16,76.3 2 0
web-page-analyzer/service/analyze_service.go:77.2,94.25 9 0
web-page-analyzer/service/analyze_service.go:98.61,100.9 2 1
web-page-analyzer/service/analyze_service.go:100.9,102.3 1 1
web-page-analyzer/service/analyze_service.go:104.2,104.18 1 1
web-page-analyzer/service/analyze_service.go:107.105,110.52 2 0
web-page-analyzer/service/analyze_service.go:110.52,112.3 1 0
web-page-analyzer/service/analyze_service.go:113.2,113.56 1 0
web-page-analyzer/service/analyze_service.go:113.56,115.3 1 0
web-page-analyzer/service/analyze_service.go:116.2,116.53 1 0
web-page-analyzer/service/analyze_service.go:116.53,118.3 1 0
web-page-analyzer/service/analyze_service.go:119.2,119.54 1 0
web-page-analyzer/service/analyze_service.go:119.54,121.3 1 0
web-page-analyzer/service/analyze_service.go:122.2,126.14 3 0
web-page-analyzer/service/pattern_executor.go:13.60,15.35 1 1
web-page-analyzer/service/pattern_executor.go:15.35,21.17 4 1
web-page-analyzer/service/pattern_executor.go:21.17,23.4 1 0
web-page-analyzer/process/patterns/heading_counter.go:12.13,14.2 1 1
web-page-analyzer/process/patterns/heading_counter.go:16.47,18.2 1 1
web-page-analyzer/process/patterns/heading_counter.go:20.82,27.28 3 1
web-page-analyzer/process/patterns/heading_counter.go:27.28,29.3 1 1
web-page-analyzer/process/patterns/heading_counter.go:31.2,34.12 3 1
web-page-analyzer/process/patterns/html_version.go:14.13,16.2 1 1
web-page-analyzer/process/patterns/html_version.go:18.44,20.2 1 1
web-page-analyzer/process/patterns/html_version.go:22.79,26.9 3 1
web-page-analyzer/process/patterns/html_version.go:27.49,29.29 2 1
web-page-analyzer/process/patterns/html_version.go:30.43,32.33 2 1
web-page-analyzer/process/patterns/html_version.go:33.10,35.31 2 0
web-page-analyzer/process/patterns/html_version.go:38.2,38.12 1 1
web-page-analyzer/process/patterns/link_counter.go:21.13,23.2 1 1
web-page-analyzer/process/patterns/link_counter.go:34.44,36.2 1 1
web-page-analyzer/process/patterns/link_counter.go:38.79,41.21 2 1
web-page-analyzer/process/patterns/link_counter.go:41.21,44.3 2 0
web-page-analyzer/process/patterns/link_counter.go:46.2,47.70 2 1
web-page-analyzer/process/patterns/link_counter.go:47.70,49.59 2 1
web-page-analyzer/process/patterns/link_counter.go:49.59,52.4 2 1
web-page-analyzer/process/patterns/link_counter.go:54.3,55.17 2 1
web-page-analyzer/process/patterns/link_counter.go:55.17,58.4 2 0
web-page-analyzer/process/patterns/link_counter.go:60.3,64.60 4 1
web-page-analyzer/process/patterns/link_counter.go:64.60,67.19 3 1
web-page-analyzer/process/patterns/link_counter.go:67.19,69.5 1 0
web-page-analyzer/process/patterns/link_counter.go:70.4,70.10 1 1
web-page-analyzer/process/patterns/link_counter.go:72.3,72.18 1 1
web-page-analyzer/process/patterns/link_counter.go:72.18,74.4 1 1
web-page-analyzer/process/patterns/link_counter.go:76.3,76.75 1 1
web-page-analyzer/process/patterns/link_counter.go:76.75,79.4 2 1
web-page-analyzer/process/patterns/link_counter.go:79.9,82.4 2 0
web-page-analyzer/process/patterns/link_counter.go:85.2,94.12 3 1
web-page-analyzer/process/patterns/link_counter.go:97.41,98.17 1 1
web-page-analyzer/process/patterns/link_counter.go:98.17,100.3 1 1
web-page-analyzer/process/patterns/link_counter.go:101.2,101.24 1 0
web-page-analyzer/process/patterns/login_detector.go:16.13,18.2 1 1
web-page-analyzer/process/patterns/login_detector.go:20.46,22.2 1 1
web-page-analyzer/process/patterns/login_detector.go:24.81,30.67 4 1
web-page-analyzer/process/patterns/login_detector.go:30.67,33.62 2 1
web-page-analyzer/process/patterns/login_detector.go:33.62,35.40 2 1
web-page-analyzer/process/patterns/login_detector.go:35.40,37.5 1 1
web-page-analyzer/process/patterns/login_detector.go:39.3,39.14 1 1
web-page-analyzer/process/patterns/login_detector.go:39.14,42.4 2 1
web-page-analyzer/process/patterns/login_detector.go:45.2,50.12 4 1
web-page-analyzer/process/patterns/registry.go:5.26,7.2 1 1
web-page-analyzer/process/patterns/registry.go:9.22,11.2 1 0
web-page-analyzer/process/patterns/registry.go:13.14,15.2 1 0
